<?xml version="1.0" encoding="UTF-8"?>
<testng-results ignored="0" total="1" passed="1" failed="0" skipped="0">
  <reporter-output>
  </reporter-output>
  <suite started-at="2021-08-07T10:58:54 SGT" name="Default suite" finished-at="2021-08-07T10:59:03 SGT" duration-ms="8914">
    <groups>
    </groups>
    <test started-at="2021-08-07T10:58:54 SGT" name="Default test" finished-at="2021-08-07T10:59:03 SGT" duration-ms="8914">
      <class name="Healthcaresuccess.HomePage">
        <test-method signature="basePageNavigation()[pri:0, instance:Healthcaresuccess.HomePage@793be5ca]" started-at="2021-08-07T10:58:54 SGT" name="basePageNavigation" finished-at="2021-08-07T10:59:03 SGT" duration-ms="8885" status="PASS">
          <reporter-output>
          </reporter-output>
        </test-method> <!-- basePageNavigation -->
      </class> <!-- Healthcaresuccess.HomePage -->
    </test> <!-- Default test -->
  </suite> <!-- Default suite -->
</testng-results>
