<?xml version="1.0" encoding="UTF-8"?>
<testng-results skipped="0" failed="0" ignored="0" total="2" passed="2">
  <reporter-output>
  </reporter-output>
  <suite name="Suite" duration-ms="9587" started-at="2021-08-07T16:10:13 SGT" finished-at="2021-08-07T16:10:23 SGT">
    <groups>
    </groups>
    <test name="Test" duration-ms="9587" started-at="2021-08-07T16:10:13 SGT" finished-at="2021-08-07T16:10:23 SGT">
      <class name="Healthcaresuccess.Hackathon.HomePage">
        <test-method status="PASS" signature="basePageNavigation()[pri:0, instance:Healthcaresuccess.Hackathon.HomePage@462d5aee]" name="basePageNavigation" duration-ms="8440" started-at="2021-08-07T16:10:13 SGT" finished-at="2021-08-07T16:10:22 SGT">
          <reporter-output>
          </reporter-output>
        </test-method> <!-- basePageNavigation -->
        <test-method status="PASS" signature="selectMenu()[pri:0, instance:Healthcaresuccess.Hackathon.HomePage@462d5aee]" name="selectMenu" duration-ms="998" started-at="2021-08-07T16:10:22 SGT" finished-at="2021-08-07T16:10:23 SGT">
          <reporter-output>
          </reporter-output>
        </test-method> <!-- selectMenu -->
        <test-method status="PASS" signature="quitDriver()[pri:0, instance:Healthcaresuccess.Hackathon.HomePage@462d5aee]" name="quitDriver" is-config="true" duration-ms="116" started-at="2021-08-07T16:10:23 SGT" finished-at="2021-08-07T16:10:23 SGT">
          <reporter-output>
          </reporter-output>
        </test-method> <!-- quitDriver -->
      </class> <!-- Healthcaresuccess.Hackathon.HomePage -->
    </test> <!-- Test -->
  </suite> <!-- Suite -->
</testng-results>
